<?xml version="1.0" encoding="UTF-8"?>
<testsuite xmlns:xsi="http://www.w3.org/2001/XMLSchema-instance" xsi:noNamespaceSchemaLocation="https://maven.apache.org/surefire/maven-surefire-plugin/xsd/surefire-test-report.xsd" name="ca.jrvs.apps.trading.dao.MarketDataDaoIntTest" time="1.238" tests="2" errors="2" skipped="0" failures="0">
  <properties>
    <property name="awt.toolkit" value="sun.awt.X11.XToolkit"/>
    <property name="file.encoding.pkg" value="sun.io"/>
    <property name="java.specification.version" value="1.8"/>
    <property name="sun.cpu.isalist" value=""/>
    <property name="sun.jnu.encoding" value="UTF-8"/>
    <property name="java.class.path" value="/home/centos/dev/jarvis_data_eng_TristanTapson/springboot/target/test-classes:/home/centos/dev/jarvis_data_eng_TristanTapson/springboot/target/classes:/home/centos/.m2/repository/org/springframework/boot/spring-boot-starter-data-jpa/2.1.3.RELEASE/spring-boot-starter-data-jpa-2.1.3.RELEASE.jar:/home/centos/.m2/repository/org/springframework/boot/spring-boot-starter-aop/2.1.3.RELEASE/spring-boot-starter-aop-2.1.3.RELEASE.jar:/home/centos/.m2/repository/org/springframework/spring-aop/5.1.5.RELEASE/spring-aop-5.1.5.RELEASE.jar:/home/centos/.m2/repository/org/aspectj/aspectjweaver/1.9.2/aspectjweaver-1.9.2.jar:/home/centos/.m2/repository/org/springframework/boot/spring-boot-starter-jdbc/2.1.3.RELEASE/spring-boot-starter-jdbc-2.1.3.RELEASE.jar:/home/centos/.m2/repository/com/zaxxer/HikariCP/3.2.0/HikariCP-3.2.0.jar:/home/centos/.m2/repository/org/springframework/spring-jdbc/5.1.5.RELEASE/spring-jdbc-5.1.5.RELEASE.jar:/home/centos/.m2/repository/javax/transaction/javax.transaction-api/1.3/javax.transaction-api-1.3.jar:/home/centos/.m2/repository/javax/xml/bind/jaxb-api/2.3.1/jaxb-api-2.3.1.jar:/home/centos/.m2/repository/javax/activation/javax.activation-api/1.2.0/javax.activation-api-1.2.0.jar:/home/centos/.m2/repository/org/hibernate/hibernate-core/5.3.7.Final/hibernate-core-5.3.7.Final.jar:/home/centos/.m2/repository/org/jboss/logging/jboss-logging/3.3.2.Final/jboss-logging-3.3.2.Final.jar:/home/centos/.m2/repository/javax/persistence/javax.persistence-api/2.2/javax.persistence-api-2.2.jar:/home/centos/.m2/repository/org/javassist/javassist/3.23.1-GA/javassist-3.23.1-GA.jar:/home/centos/.m2/repository/net/bytebuddy/byte-buddy/1.9.10/byte-buddy-1.9.10.jar:/home/centos/.m2/repository/antlr/antlr/2.7.7/antlr-2.7.7.jar:/home/centos/.m2/repository/org/jboss/jandex/2.0.5.Final/jandex-2.0.5.Final.jar:/home/centos/.m2/repository/org/dom4j/dom4j/2.1.1/dom4j-2.1.1.jar:/home/centos/.m2/repository/org/hibernate/common/hibernate-commons-annotations/5.0.4.Final/hibernate-commons-annotations-5.0.4.Final.jar:/home/centos/.m2/repository/org/springframework/data/spring-data-jpa/2.1.5.RELEASE/spring-data-jpa-2.1.5.RELEASE.jar:/home/centos/.m2/repository/org/springframework/data/spring-data-commons/2.1.5.RELEASE/spring-data-commons-2.1.5.RELEASE.jar:/home/centos/.m2/repository/org/springframework/spring-orm/5.1.5.RELEASE/spring-orm-5.1.5.RELEASE.jar:/home/centos/.m2/repository/org/springframework/spring-context/5.1.5.RELEASE/spring-context-5.1.5.RELEASE.jar:/home/centos/.m2/repository/org/springframework/spring-tx/5.1.5.RELEASE/spring-tx-5.1.5.RELEASE.jar:/home/centos/.m2/repository/org/springframework/spring-beans/5.1.5.RELEASE/spring-beans-5.1.5.RELEASE.jar:/home/centos/.m2/repository/org/springframework/spring-aspects/5.1.5.RELEASE/spring-aspects-5.1.5.RELEASE.jar:/home/centos/.m2/repository/org/springframework/boot/spring-boot-starter-web/2.1.3.RELEASE/spring-boot-starter-web-2.1.3.RELEASE.jar:/home/centos/.m2/repository/org/springframework/boot/spring-boot-starter/2.1.3.RELEASE/spring-boot-starter-2.1.3.RELEASE.jar:/home/centos/.m2/repository/org/springframework/boot/spring-boot/2.1.3.RELEASE/spring-boot-2.1.3.RELEASE.jar:/home/centos/.m2/repository/org/springframework/boot/spring-boot-autoconfigure/2.1.3.RELEASE/spring-boot-autoconfigure-2.1.3.RELEASE.jar:/home/centos/.m2/repository/org/springframework/boot/spring-boot-starter-logging/2.1.3.RELEASE/spring-boot-starter-logging-2.1.3.RELEASE.jar:/home/centos/.m2/repository/ch/qos/logback/logback-classic/1.2.3/logback-classic-1.2.3.jar:/home/centos/.m2/repository/ch/qos/logback/logback-core/1.2.3/logback-core-1.2.3.jar:/home/centos/.m2/repository/org/apache/logging/log4j/log4j-to-slf4j/2.11.2/log4j-to-slf4j-2.11.2.jar:/home/centos/.m2/repository/org/apache/logging/log4j/log4j-api/2.11.2/log4j-api-2.11.2.jar:/home/centos/.m2/repository/org/slf4j/jul-to-slf4j/1.7.25/jul-to-slf4j-1.7.25.jar:/home/centos/.m2/repository/javax/annotation/javax.annotation-api/1.3.2/javax.annotation-api-1.3.2.jar:/home/centos/.m2/repository/org/yaml/snakeyaml/1.23/snakeyaml-1.23.jar:/home/centos/.m2/repository/org/springframework/boot/spring-boot-starter-json/2.1.3.RELEASE/spring-boot-starter-json-2.1.3.RELEASE.jar:/home/centos/.m2/repository/com/fasterxml/jackson/core/jackson-databind/2.9.8/jackson-databind-2.9.8.jar:/home/centos/.m2/repository/com/fasterxml/jackson/core/jackson-core/2.9.8/jackson-core-2.9.8.jar:/home/centos/.m2/repository/com/fasterxml/jackson/datatype/jackson-datatype-jdk8/2.9.8/jackson-datatype-jdk8-2.9.8.jar:/home/centos/.m2/repository/com/fasterxml/jackson/datatype/jackson-datatype-jsr310/2.9.8/jackson-datatype-jsr310-2.9.8.jar:/home/centos/.m2/repository/com/fasterxml/jackson/module/jackson-module-parameter-names/2.9.8/jackson-module-parameter-names-2.9.8.jar:/home/centos/.m2/repository/org/springframework/boot/spring-boot-starter-tomcat/2.1.3.RELEASE/spring-boot-starter-tomcat-2.1.3.RELEASE.jar:/home/centos/.m2/repository/org/apache/tomcat/embed/tomcat-embed-core/9.0.16/tomcat-embed-core-9.0.16.jar:/home/centos/.m2/repository/org/apache/tomcat/embed/tomcat-embed-el/9.0.16/tomcat-embed-el-9.0.16.jar:/home/centos/.m2/repository/org/apache/tomcat/embed/tomcat-embed-websocket/9.0.16/tomcat-embed-websocket-9.0.16.jar:/home/centos/.m2/repository/org/hibernate/validator/hibernate-validator/6.0.14.Final/hibernate-validator-6.0.14.Final.jar:/home/centos/.m2/repository/javax/validation/validation-api/2.0.1.Final/validation-api-2.0.1.Final.jar:/home/centos/.m2/repository/org/springframework/spring-web/5.1.5.RELEASE/spring-web-5.1.5.RELEASE.jar:/home/centos/.m2/repository/org/springframework/spring-webmvc/5.1.5.RELEASE/spring-webmvc-5.1.5.RELEASE.jar:/home/centos/.m2/repository/org/springframework/spring-expression/5.1.5.RELEASE/spring-expression-5.1.5.RELEASE.jar:/home/centos/.m2/repository/org/apache/commons/commons-dbcp2/2.5.0/commons-dbcp2-2.5.0.jar:/home/centos/.m2/repository/org/apache/commons/commons-pool2/2.6.1/commons-pool2-2.6.1.jar:/home/centos/.m2/repository/org/json/json/20180813/json-20180813.jar:/home/centos/.m2/repository/org/postgresql/postgresql/42.2.5/postgresql-42.2.5.jar:/home/centos/.m2/repository/io/springfox/springfox-swagger2/2.9.2/springfox-swagger2-2.9.2.jar:/home/centos/.m2/repository/io/swagger/swagger-annotations/1.5.20/swagger-annotations-1.5.20.jar:/home/centos/.m2/repository/io/swagger/swagger-models/1.5.20/swagger-models-1.5.20.jar:/home/centos/.m2/repository/com/fasterxml/jackson/core/jackson-annotations/2.9.0/jackson-annotations-2.9.0.jar:/home/centos/.m2/repository/io/springfox/springfox-spi/2.9.2/springfox-spi-2.9.2.jar:/home/centos/.m2/repository/io/springfox/springfox-core/2.9.2/springfox-core-2.9.2.jar:/home/centos/.m2/repository/io/springfox/springfox-schema/2.9.2/springfox-schema-2.9.2.jar:/home/centos/.m2/repository/io/springfox/springfox-swagger-common/2.9.2/springfox-swagger-common-2.9.2.jar:/home/centos/.m2/repository/io/springfox/springfox-spring-web/2.9.2/springfox-spring-web-2.9.2.jar:/home/centos/.m2/repository/com/google/guava/guava/20.0/guava-20.0.jar:/home/centos/.m2/repository/com/fasterxml/classmate/1.4.0/classmate-1.4.0.jar:/home/centos/.m2/repository/org/slf4j/slf4j-api/1.7.25/slf4j-api-1.7.25.jar:/home/centos/.m2/repository/org/springframework/plugin/spring-plugin-core/1.2.0.RELEASE/spring-plugin-core-1.2.0.RELEASE.jar:/home/centos/.m2/repository/org/springframework/plugin/spring-plugin-metadata/1.2.0.RELEASE/spring-plugin-metadata-1.2.0.RELEASE.jar:/home/centos/.m2/repository/org/mapstruct/mapstruct/1.2.0.Final/mapstruct-1.2.0.Final.jar:/home/centos/.m2/repository/io/springfox/springfox-swagger-ui/2.9.2/springfox-swagger-ui-2.9.2.jar:/home/centos/.m2/repository/org/apache/httpcomponents/httpclient/4.5.3/httpclient-4.5.3.jar:/home/centos/.m2/repository/org/apache/httpcomponents/httpcore/4.4.11/httpcore-4.4.11.jar:/home/centos/.m2/repository/commons-codec/commons-codec/1.11/commons-codec-1.11.jar:/home/centos/.m2/repository/org/springframework/boot/spring-boot-starter-test/2.1.3.RELEASE/spring-boot-starter-test-2.1.3.RELEASE.jar:/home/centos/.m2/repository/org/springframework/boot/spring-boot-test/2.1.3.RELEASE/spring-boot-test-2.1.3.RELEASE.jar:/home/centos/.m2/repository/org/springframework/boot/spring-boot-test-autoconfigure/2.1.3.RELEASE/spring-boot-test-autoconfigure-2.1.3.RELEASE.jar:/home/centos/.m2/repository/com/jayway/jsonpath/json-path/2.4.0/json-path-2.4.0.jar:/home/centos/.m2/repository/net/minidev/json-smart/2.3/json-smart-2.3.jar:/home/centos/.m2/repository/net/minidev/accessors-smart/1.2/accessors-smart-1.2.jar:/home/centos/.m2/repository/org/ow2/asm/asm/5.0.4/asm-5.0.4.jar:/home/centos/.m2/repository/junit/junit/4.12/junit-4.12.jar:/home/centos/.m2/repository/org/assertj/assertj-core/3.11.1/assertj-core-3.11.1.jar:/home/centos/.m2/repository/org/mockito/mockito-core/2.23.4/mockito-core-2.23.4.jar:/home/centos/.m2/repository/net/bytebuddy/byte-buddy-agent/1.9.10/byte-buddy-agent-1.9.10.jar:/home/centos/.m2/repository/org/objenesis/objenesis/2.6/objenesis-2.6.jar:/home/centos/.m2/repository/org/hamcrest/hamcrest-core/1.3/hamcrest-core-1.3.jar:/home/centos/.m2/repository/org/hamcrest/hamcrest-library/1.3/hamcrest-library-1.3.jar:/home/centos/.m2/repository/org/skyscreamer/jsonassert/1.5.0/jsonassert-1.5.0.jar:/home/centos/.m2/repository/com/vaadin/external/google/android-json/0.0.20131108.vaadin1/android-json-0.0.20131108.vaadin1.jar:/home/centos/.m2/repository/org/springframework/spring-core/5.1.5.RELEASE/spring-core-5.1.5.RELEASE.jar:/home/centos/.m2/repository/org/springframework/spring-jcl/5.1.5.RELEASE/spring-jcl-5.1.5.RELEASE.jar:/home/centos/.m2/repository/org/springframework/spring-test/5.1.5.RELEASE/spring-test-5.1.5.RELEASE.jar:/home/centos/.m2/repository/org/xmlunit/xmlunit-core/2.6.2/xmlunit-core-2.6.2.jar:"/>
    <property name="java.vm.vendor" value="Red Hat, Inc."/>
    <property name="sun.arch.data.model" value="64"/>
    <property name="java.vendor.url" value="https://www.redhat.com/"/>
    <property name="user.timezone" value=""/>
    <property name="java.vm.specification.version" value="1.8"/>
    <property name="os.name" value="Linux"/>
    <property name="user.country" value="US"/>
    <property name="sun.java.launcher" value="SUN_STANDARD"/>
    <property name="sun.boot.library.path" value="/usr/lib/jvm/java-1.8.0-openjdk-1.8.0.342.b07-1.el7_9.x86_64/jre/lib/amd64"/>
    <property name="sun.java.command" value="/home/centos/dev/jarvis_data_eng_TristanTapson/springboot/target/surefire/surefirebooter4241869425455805356.jar /home/centos/dev/jarvis_data_eng_TristanTapson/springboot/target/surefire 2022-07-30T01-29-28_103-jvmRun1 surefire2650608980154295625tmp surefire_04136173571992071444tmp"/>
    <property name="surefire.test.class.path" value="/home/centos/dev/jarvis_data_eng_TristanTapson/springboot/target/test-classes:/home/centos/dev/jarvis_data_eng_TristanTapson/springboot/target/classes:/home/centos/.m2/repository/org/springframework/boot/spring-boot-starter-data-jpa/2.1.3.RELEASE/spring-boot-starter-data-jpa-2.1.3.RELEASE.jar:/home/centos/.m2/repository/org/springframework/boot/spring-boot-starter-aop/2.1.3.RELEASE/spring-boot-starter-aop-2.1.3.RELEASE.jar:/home/centos/.m2/repository/org/springframework/spring-aop/5.1.5.RELEASE/spring-aop-5.1.5.RELEASE.jar:/home/centos/.m2/repository/org/aspectj/aspectjweaver/1.9.2/aspectjweaver-1.9.2.jar:/home/centos/.m2/repository/org/springframework/boot/spring-boot-starter-jdbc/2.1.3.RELEASE/spring-boot-starter-jdbc-2.1.3.RELEASE.jar:/home/centos/.m2/repository/com/zaxxer/HikariCP/3.2.0/HikariCP-3.2.0.jar:/home/centos/.m2/repository/org/springframework/spring-jdbc/5.1.5.RELEASE/spring-jdbc-5.1.5.RELEASE.jar:/home/centos/.m2/repository/javax/transaction/javax.transaction-api/1.3/javax.transaction-api-1.3.jar:/home/centos/.m2/repository/javax/xml/bind/jaxb-api/2.3.1/jaxb-api-2.3.1.jar:/home/centos/.m2/repository/javax/activation/javax.activation-api/1.2.0/javax.activation-api-1.2.0.jar:/home/centos/.m2/repository/org/hibernate/hibernate-core/5.3.7.Final/hibernate-core-5.3.7.Final.jar:/home/centos/.m2/repository/org/jboss/logging/jboss-logging/3.3.2.Final/jboss-logging-3.3.2.Final.jar:/home/centos/.m2/repository/javax/persistence/javax.persistence-api/2.2/javax.persistence-api-2.2.jar:/home/centos/.m2/repository/org/javassist/javassist/3.23.1-GA/javassist-3.23.1-GA.jar:/home/centos/.m2/repository/net/bytebuddy/byte-buddy/1.9.10/byte-buddy-1.9.10.jar:/home/centos/.m2/repository/antlr/antlr/2.7.7/antlr-2.7.7.jar:/home/centos/.m2/repository/org/jboss/jandex/2.0.5.Final/jandex-2.0.5.Final.jar:/home/centos/.m2/repository/org/dom4j/dom4j/2.1.1/dom4j-2.1.1.jar:/home/centos/.m2/repository/org/hibernate/common/hibernate-commons-annotations/5.0.4.Final/hibernate-commons-annotations-5.0.4.Final.jar:/home/centos/.m2/repository/org/springframework/data/spring-data-jpa/2.1.5.RELEASE/spring-data-jpa-2.1.5.RELEASE.jar:/home/centos/.m2/repository/org/springframework/data/spring-data-commons/2.1.5.RELEASE/spring-data-commons-2.1.5.RELEASE.jar:/home/centos/.m2/repository/org/springframework/spring-orm/5.1.5.RELEASE/spring-orm-5.1.5.RELEASE.jar:/home/centos/.m2/repository/org/springframework/spring-context/5.1.5.RELEASE/spring-context-5.1.5.RELEASE.jar:/home/centos/.m2/repository/org/springframework/spring-tx/5.1.5.RELEASE/spring-tx-5.1.5.RELEASE.jar:/home/centos/.m2/repository/org/springframework/spring-beans/5.1.5.RELEASE/spring-beans-5.1.5.RELEASE.jar:/home/centos/.m2/repository/org/springframework/spring-aspects/5.1.5.RELEASE/spring-aspects-5.1.5.RELEASE.jar:/home/centos/.m2/repository/org/springframework/boot/spring-boot-starter-web/2.1.3.RELEASE/spring-boot-starter-web-2.1.3.RELEASE.jar:/home/centos/.m2/repository/org/springframework/boot/spring-boot-starter/2.1.3.RELEASE/spring-boot-starter-2.1.3.RELEASE.jar:/home/centos/.m2/repository/org/springframework/boot/spring-boot/2.1.3.RELEASE/spring-boot-2.1.3.RELEASE.jar:/home/centos/.m2/repository/org/springframework/boot/spring-boot-autoconfigure/2.1.3.RELEASE/spring-boot-autoconfigure-2.1.3.RELEASE.jar:/home/centos/.m2/repository/org/springframework/boot/spring-boot-starter-logging/2.1.3.RELEASE/spring-boot-starter-logging-2.1.3.RELEASE.jar:/home/centos/.m2/repository/ch/qos/logback/logback-classic/1.2.3/logback-classic-1.2.3.jar:/home/centos/.m2/repository/ch/qos/logback/logback-core/1.2.3/logback-core-1.2.3.jar:/home/centos/.m2/repository/org/apache/logging/log4j/log4j-to-slf4j/2.11.2/log4j-to-slf4j-2.11.2.jar:/home/centos/.m2/repository/org/apache/logging/log4j/log4j-api/2.11.2/log4j-api-2.11.2.jar:/home/centos/.m2/repository/org/slf4j/jul-to-slf4j/1.7.25/jul-to-slf4j-1.7.25.jar:/home/centos/.m2/repository/javax/annotation/javax.annotation-api/1.3.2/javax.annotation-api-1.3.2.jar:/home/centos/.m2/repository/org/yaml/snakeyaml/1.23/snakeyaml-1.23.jar:/home/centos/.m2/repository/org/springframework/boot/spring-boot-starter-json/2.1.3.RELEASE/spring-boot-starter-json-2.1.3.RELEASE.jar:/home/centos/.m2/repository/com/fasterxml/jackson/core/jackson-databind/2.9.8/jackson-databind-2.9.8.jar:/home/centos/.m2/repository/com/fasterxml/jackson/core/jackson-core/2.9.8/jackson-core-2.9.8.jar:/home/centos/.m2/repository/com/fasterxml/jackson/datatype/jackson-datatype-jdk8/2.9.8/jackson-datatype-jdk8-2.9.8.jar:/home/centos/.m2/repository/com/fasterxml/jackson/datatype/jackson-datatype-jsr310/2.9.8/jackson-datatype-jsr310-2.9.8.jar:/home/centos/.m2/repository/com/fasterxml/jackson/module/jackson-module-parameter-names/2.9.8/jackson-module-parameter-names-2.9.8.jar:/home/centos/.m2/repository/org/springframework/boot/spring-boot-starter-tomcat/2.1.3.RELEASE/spring-boot-starter-tomcat-2.1.3.RELEASE.jar:/home/centos/.m2/repository/org/apache/tomcat/embed/tomcat-embed-core/9.0.16/tomcat-embed-core-9.0.16.jar:/home/centos/.m2/repository/org/apache/tomcat/embed/tomcat-embed-el/9.0.16/tomcat-embed-el-9.0.16.jar:/home/centos/.m2/repository/org/apache/tomcat/embed/tomcat-embed-websocket/9.0.16/tomcat-embed-websocket-9.0.16.jar:/home/centos/.m2/repository/org/hibernate/validator/hibernate-validator/6.0.14.Final/hibernate-validator-6.0.14.Final.jar:/home/centos/.m2/repository/javax/validation/validation-api/2.0.1.Final/validation-api-2.0.1.Final.jar:/home/centos/.m2/repository/org/springframework/spring-web/5.1.5.RELEASE/spring-web-5.1.5.RELEASE.jar:/home/centos/.m2/repository/org/springframework/spring-webmvc/5.1.5.RELEASE/spring-webmvc-5.1.5.RELEASE.jar:/home/centos/.m2/repository/org/springframework/spring-expression/5.1.5.RELEASE/spring-expression-5.1.5.RELEASE.jar:/home/centos/.m2/repository/org/apache/commons/commons-dbcp2/2.5.0/commons-dbcp2-2.5.0.jar:/home/centos/.m2/repository/org/apache/commons/commons-pool2/2.6.1/commons-pool2-2.6.1.jar:/home/centos/.m2/repository/org/json/json/20180813/json-20180813.jar:/home/centos/.m2/repository/org/postgresql/postgresql/42.2.5/postgresql-42.2.5.jar:/home/centos/.m2/repository/io/springfox/springfox-swagger2/2.9.2/springfox-swagger2-2.9.2.jar:/home/centos/.m2/repository/io/swagger/swagger-annotations/1.5.20/swagger-annotations-1.5.20.jar:/home/centos/.m2/repository/io/swagger/swagger-models/1.5.20/swagger-models-1.5.20.jar:/home/centos/.m2/repository/com/fasterxml/jackson/core/jackson-annotations/2.9.0/jackson-annotations-2.9.0.jar:/home/centos/.m2/repository/io/springfox/springfox-spi/2.9.2/springfox-spi-2.9.2.jar:/home/centos/.m2/repository/io/springfox/springfox-core/2.9.2/springfox-core-2.9.2.jar:/home/centos/.m2/repository/io/springfox/springfox-schema/2.9.2/springfox-schema-2.9.2.jar:/home/centos/.m2/repository/io/springfox/springfox-swagger-common/2.9.2/springfox-swagger-common-2.9.2.jar:/home/centos/.m2/repository/io/springfox/springfox-spring-web/2.9.2/springfox-spring-web-2.9.2.jar:/home/centos/.m2/repository/com/google/guava/guava/20.0/guava-20.0.jar:/home/centos/.m2/repository/com/fasterxml/classmate/1.4.0/classmate-1.4.0.jar:/home/centos/.m2/repository/org/slf4j/slf4j-api/1.7.25/slf4j-api-1.7.25.jar:/home/centos/.m2/repository/org/springframework/plugin/spring-plugin-core/1.2.0.RELEASE/spring-plugin-core-1.2.0.RELEASE.jar:/home/centos/.m2/repository/org/springframework/plugin/spring-plugin-metadata/1.2.0.RELEASE/spring-plugin-metadata-1.2.0.RELEASE.jar:/home/centos/.m2/repository/org/mapstruct/mapstruct/1.2.0.Final/mapstruct-1.2.0.Final.jar:/home/centos/.m2/repository/io/springfox/springfox-swagger-ui/2.9.2/springfox-swagger-ui-2.9.2.jar:/home/centos/.m2/repository/org/apache/httpcomponents/httpclient/4.5.3/httpclient-4.5.3.jar:/home/centos/.m2/repository/org/apache/httpcomponents/httpcore/4.4.11/httpcore-4.4.11.jar:/home/centos/.m2/repository/commons-codec/commons-codec/1.11/commons-codec-1.11.jar:/home/centos/.m2/repository/org/springframework/boot/spring-boot-starter-test/2.1.3.RELEASE/spring-boot-starter-test-2.1.3.RELEASE.jar:/home/centos/.m2/repository/org/springframework/boot/spring-boot-test/2.1.3.RELEASE/spring-boot-test-2.1.3.RELEASE.jar:/home/centos/.m2/repository/org/springframework/boot/spring-boot-test-autoconfigure/2.1.3.RELEASE/spring-boot-test-autoconfigure-2.1.3.RELEASE.jar:/home/centos/.m2/repository/com/jayway/jsonpath/json-path/2.4.0/json-path-2.4.0.jar:/home/centos/.m2/repository/net/minidev/json-smart/2.3/json-smart-2.3.jar:/home/centos/.m2/repository/net/minidev/accessors-smart/1.2/accessors-smart-1.2.jar:/home/centos/.m2/repository/org/ow2/asm/asm/5.0.4/asm-5.0.4.jar:/home/centos/.m2/repository/junit/junit/4.12/junit-4.12.jar:/home/centos/.m2/repository/org/assertj/assertj-core/3.11.1/assertj-core-3.11.1.jar:/home/centos/.m2/repository/org/mockito/mockito-core/2.23.4/mockito-core-2.23.4.jar:/home/centos/.m2/repository/net/bytebuddy/byte-buddy-agent/1.9.10/byte-buddy-agent-1.9.10.jar:/home/centos/.m2/repository/org/objenesis/objenesis/2.6/objenesis-2.6.jar:/home/centos/.m2/repository/org/hamcrest/hamcrest-core/1.3/hamcrest-core-1.3.jar:/home/centos/.m2/repository/org/hamcrest/hamcrest-library/1.3/hamcrest-library-1.3.jar:/home/centos/.m2/repository/org/skyscreamer/jsonassert/1.5.0/jsonassert-1.5.0.jar:/home/centos/.m2/repository/com/vaadin/external/google/android-json/0.0.20131108.vaadin1/android-json-0.0.20131108.vaadin1.jar:/home/centos/.m2/repository/org/springframework/spring-core/5.1.5.RELEASE/spring-core-5.1.5.RELEASE.jar:/home/centos/.m2/repository/org/springframework/spring-jcl/5.1.5.RELEASE/spring-jcl-5.1.5.RELEASE.jar:/home/centos/.m2/repository/org/springframework/spring-test/5.1.5.RELEASE/spring-test-5.1.5.RELEASE.jar:/home/centos/.m2/repository/org/xmlunit/xmlunit-core/2.6.2/xmlunit-core-2.6.2.jar:"/>
    <property name="sun.cpu.endian" value="little"/>
    <property name="user.home" value="/home/centos"/>
    <property name="user.language" value="en"/>
    <property name="java.specification.vendor" value="Oracle Corporation"/>
    <property name="java.home" value="/usr/lib/jvm/java-1.8.0-openjdk-1.8.0.342.b07-1.el7_9.x86_64/jre"/>
    <property name="basedir" value="/home/centos/dev/jarvis_data_eng_TristanTapson/springboot"/>
    <property name="file.separator" value="/"/>
    <property name="line.separator" value="&#10;"/>
    <property name="java.vm.specification.vendor" value="Oracle Corporation"/>
    <property name="java.specification.name" value="Java Platform API Specification"/>
    <property name="java.awt.graphicsenv" value="sun.awt.X11GraphicsEnvironment"/>
    <property name="surefire.real.class.path" value="/home/centos/dev/jarvis_data_eng_TristanTapson/springboot/target/surefire/surefirebooter4241869425455805356.jar"/>
    <property name="sun.boot.class.path" value="/usr/lib/jvm/java-1.8.0-openjdk-1.8.0.342.b07-1.el7_9.x86_64/jre/lib/resources.jar:/usr/lib/jvm/java-1.8.0-openjdk-1.8.0.342.b07-1.el7_9.x86_64/jre/lib/rt.jar:/usr/lib/jvm/java-1.8.0-openjdk-1.8.0.342.b07-1.el7_9.x86_64/jre/lib/sunrsasign.jar:/usr/lib/jvm/java-1.8.0-openjdk-1.8.0.342.b07-1.el7_9.x86_64/jre/lib/jsse.jar:/usr/lib/jvm/java-1.8.0-openjdk-1.8.0.342.b07-1.el7_9.x86_64/jre/lib/jce.jar:/usr/lib/jvm/java-1.8.0-openjdk-1.8.0.342.b07-1.el7_9.x86_64/jre/lib/charsets.jar:/usr/lib/jvm/java-1.8.0-openjdk-1.8.0.342.b07-1.el7_9.x86_64/jre/lib/jfr.jar:/usr/lib/jvm/java-1.8.0-openjdk-1.8.0.342.b07-1.el7_9.x86_64/jre/classes"/>
    <property name="sun.management.compiler" value="HotSpot 64-Bit Tiered Compilers"/>
    <property name="java.runtime.version" value="1.8.0_342-b07"/>
    <property name="user.name" value="centos"/>
    <property name="path.separator" value=":"/>
    <property name="os.version" value="3.10.0-1160.71.1.el7.x86_64"/>
    <property name="java.endorsed.dirs" value="/usr/lib/jvm/java-1.8.0-openjdk-1.8.0.342.b07-1.el7_9.x86_64/jre/lib/endorsed"/>
    <property name="java.runtime.name" value="OpenJDK Runtime Environment"/>
    <property name="file.encoding" value="UTF-8"/>
    <property name="java.vm.name" value="OpenJDK 64-Bit Server VM"/>
    <property name="localRepository" value="/home/centos/.m2/repository"/>
    <property name="java.vendor.url.bug" value="https://bugzilla.redhat.com/enter_bug.cgi?product=Red%20Hat%20Enterprise%20Linux%207&amp;component=java-1.8.0-openjdk"/>
    <property name="java.io.tmpdir" value="/tmp"/>
    <property name="java.version" value="1.8.0_342"/>
    <property name="user.dir" value="/home/centos/dev/jarvis_data_eng_TristanTapson/springboot"/>
    <property name="os.arch" value="amd64"/>
    <property name="java.vm.specification.name" value="Java Virtual Machine Specification"/>
    <property name="java.awt.printerjob" value="sun.print.PSPrinterJob"/>
    <property name="sun.os.patch.level" value="unknown"/>
    <property name="java.library.path" value="/usr/java/packages/lib/amd64:/usr/lib64:/lib64:/lib:/usr/lib"/>
    <property name="java.vm.info" value="mixed mode"/>
    <property name="java.vendor" value="Red Hat, Inc."/>
    <property name="java.vm.version" value="25.342-b07"/>
    <property name="java.ext.dirs" value="/usr/lib/jvm/java-1.8.0-openjdk-1.8.0.342.b07-1.el7_9.x86_64/jre/lib/ext:/usr/java/packages/lib/ext"/>
    <property name="sun.io.unicode.encoding" value="UnicodeLittle"/>
    <property name="java.class.version" value="52.0"/>
  </properties>
  <testcase name="findById" classname="ca.jrvs.apps.trading.dao.MarketDataDaoIntTest" time="0.956">
    <error message="Unexpected HTTP status: 403" type="org.springframework.dao.DataRetrievalFailureException">org.springframework.dao.DataRetrievalFailureException: Unexpected HTTP status: 403
	at ca.jrvs.apps.trading.dao.MarketDataDaoIntTest.findById(MarketDataDaoIntTest.java:59)
</error>
    <system-out><![CDATA[Ticker(s): AAPL
URI: https://cloud.iexapis.com/v1/stock/market/batch?symbols=AAPL&types=quote&token=null
01:29:29.356 [main] DEBUG org.apache.http.client.protocol.RequestAddCookies - CookieSpec selected: default
01:29:29.370 [main] DEBUG org.apache.http.client.protocol.RequestAuthCache - Auth cache not set in the context
01:29:29.392 [main] DEBUG org.apache.http.impl.conn.PoolingHttpClientConnectionManager - Connection request: [route: {s}->https://cloud.iexapis.com:443][total kept alive: 0; route allocated: 0 of 50; total allocated: 0 of 50]
01:29:29.405 [main] DEBUG org.apache.http.impl.conn.PoolingHttpClientConnectionManager - Connection leased: [id: 0][route: {s}->https://cloud.iexapis.com:443][total kept alive: 0; route allocated: 1 of 50; total allocated: 1 of 50]
01:29:29.407 [main] DEBUG org.apache.http.impl.execchain.MainClientExec - Opening connection {s}->https://cloud.iexapis.com:443
01:29:29.423 [main] DEBUG org.apache.http.impl.conn.DefaultHttpClientConnectionOperator - Connecting to cloud.iexapis.com/35.224.251.107:443
01:29:29.423 [main] DEBUG org.apache.http.conn.ssl.SSLConnectionSocketFactory - Connecting socket to cloud.iexapis.com/35.224.251.107:443 with timeout 0
01:29:29.486 [main] DEBUG org.apache.http.conn.ssl.SSLConnectionSocketFactory - Enabled protocols: [TLSv1.2]
01:29:29.486 [main] DEBUG org.apache.http.conn.ssl.SSLConnectionSocketFactory - Enabled cipher suites:[TLS_ECDHE_ECDSA_WITH_AES_256_GCM_SHA384, TLS_ECDHE_ECDSA_WITH_AES_128_GCM_SHA256, TLS_ECDHE_RSA_WITH_AES_256_GCM_SHA384, TLS_ECDHE_RSA_WITH_AES_128_GCM_SHA256, TLS_DHE_RSA_WITH_AES_256_GCM_SHA384, TLS_DHE_DSS_WITH_AES_256_GCM_SHA384, TLS_DHE_RSA_WITH_AES_128_GCM_SHA256, TLS_DHE_DSS_WITH_AES_128_GCM_SHA256, TLS_ECDHE_ECDSA_WITH_AES_256_CBC_SHA384, TLS_ECDHE_RSA_WITH_AES_256_CBC_SHA384, TLS_ECDHE_ECDSA_WITH_AES_128_CBC_SHA256, TLS_ECDHE_RSA_WITH_AES_128_CBC_SHA256, TLS_DHE_RSA_WITH_AES_256_CBC_SHA256, TLS_DHE_DSS_WITH_AES_256_CBC_SHA256, TLS_DHE_RSA_WITH_AES_128_CBC_SHA256, TLS_DHE_DSS_WITH_AES_128_CBC_SHA256, TLS_ECDH_ECDSA_WITH_AES_256_GCM_SHA384, TLS_ECDH_RSA_WITH_AES_256_GCM_SHA384, TLS_ECDH_ECDSA_WITH_AES_128_GCM_SHA256, TLS_ECDH_RSA_WITH_AES_128_GCM_SHA256, TLS_ECDH_ECDSA_WITH_AES_256_CBC_SHA384, TLS_ECDH_RSA_WITH_AES_256_CBC_SHA384, TLS_ECDH_ECDSA_WITH_AES_128_CBC_SHA256, TLS_ECDH_RSA_WITH_AES_128_CBC_SHA256, TLS_ECDHE_ECDSA_WITH_AES_256_CBC_SHA, TLS_ECDHE_RSA_WITH_AES_256_CBC_SHA, TLS_ECDHE_ECDSA_WITH_AES_128_CBC_SHA, TLS_ECDHE_RSA_WITH_AES_128_CBC_SHA, TLS_DHE_RSA_WITH_AES_256_CBC_SHA, TLS_DHE_DSS_WITH_AES_256_CBC_SHA, TLS_DHE_RSA_WITH_AES_128_CBC_SHA, TLS_DHE_DSS_WITH_AES_128_CBC_SHA, TLS_ECDH_ECDSA_WITH_AES_256_CBC_SHA, TLS_ECDH_RSA_WITH_AES_256_CBC_SHA, TLS_ECDH_ECDSA_WITH_AES_128_CBC_SHA, TLS_ECDH_RSA_WITH_AES_128_CBC_SHA, TLS_RSA_WITH_AES_256_GCM_SHA384, TLS_RSA_WITH_AES_128_GCM_SHA256, TLS_RSA_WITH_AES_256_CBC_SHA256, TLS_RSA_WITH_AES_128_CBC_SHA256, TLS_RSA_WITH_AES_256_CBC_SHA, TLS_RSA_WITH_AES_128_CBC_SHA, TLS_EMPTY_RENEGOTIATION_INFO_SCSV]
01:29:29.486 [main] DEBUG org.apache.http.conn.ssl.SSLConnectionSocketFactory - Starting handshake
01:29:29.824 [main] DEBUG org.apache.http.conn.ssl.SSLConnectionSocketFactory - Secure session established
01:29:29.825 [main] DEBUG org.apache.http.conn.ssl.SSLConnectionSocketFactory -  negotiated protocol: TLSv1.2
01:29:29.825 [main] DEBUG org.apache.http.conn.ssl.SSLConnectionSocketFactory -  negotiated cipher suite: TLS_ECDHE_RSA_WITH_AES_128_GCM_SHA256
01:29:29.825 [main] DEBUG org.apache.http.conn.ssl.SSLConnectionSocketFactory -  peer principal: CN=*.iexapis.com
01:29:29.825 [main] DEBUG org.apache.http.conn.ssl.SSLConnectionSocketFactory -  peer alternative names: [*.iexapis.com, iexapis.com]
01:29:29.825 [main] DEBUG org.apache.http.conn.ssl.SSLConnectionSocketFactory -  issuer principal: CN=Sectigo RSA Domain Validation Secure Server CA, O=Sectigo Limited, L=Salford, ST=Greater Manchester, C=GB
01:29:29.828 [main] DEBUG org.apache.http.impl.conn.DefaultHttpClientConnectionOperator - Connection established 10.142.0.2:53134<->35.224.251.107:443
01:29:29.828 [main] DEBUG org.apache.http.impl.execchain.MainClientExec - Executing request GET /v1/stock/market/batch?symbols=AAPL&types=quote&token=null HTTP/1.1
01:29:29.828 [main] DEBUG org.apache.http.impl.execchain.MainClientExec - Target auth state: UNCHALLENGED
01:29:29.829 [main] DEBUG org.apache.http.impl.execchain.MainClientExec - Proxy auth state: UNCHALLENGED
01:29:29.830 [main] DEBUG org.apache.http.headers - http-outgoing-0 >> GET /v1/stock/market/batch?symbols=AAPL&types=quote&token=null HTTP/1.1
01:29:29.830 [main] DEBUG org.apache.http.headers - http-outgoing-0 >> Host: cloud.iexapis.com
01:29:29.830 [main] DEBUG org.apache.http.headers - http-outgoing-0 >> Connection: Keep-Alive
01:29:29.830 [main] DEBUG org.apache.http.headers - http-outgoing-0 >> User-Agent: Apache-HttpClient/4.5.3 (Java/1.8.0_342)
01:29:29.830 [main] DEBUG org.apache.http.headers - http-outgoing-0 >> Accept-Encoding: gzip,deflate
01:29:29.830 [main] DEBUG org.apache.http.wire - http-outgoing-0 >> "GET /v1/stock/market/batch?symbols=AAPL&types=quote&token=null HTTP/1.1[\r][\n]"
01:29:29.830 [main] DEBUG org.apache.http.wire - http-outgoing-0 >> "Host: cloud.iexapis.com[\r][\n]"
01:29:29.830 [main] DEBUG org.apache.http.wire - http-outgoing-0 >> "Connection: Keep-Alive[\r][\n]"
01:29:29.830 [main] DEBUG org.apache.http.wire - http-outgoing-0 >> "User-Agent: Apache-HttpClient/4.5.3 (Java/1.8.0_342)[\r][\n]"
01:29:29.830 [main] DEBUG org.apache.http.wire - http-outgoing-0 >> "Accept-Encoding: gzip,deflate[\r][\n]"
01:29:29.830 [main] DEBUG org.apache.http.wire - http-outgoing-0 >> "[\r][\n]"
01:29:29.869 [main] DEBUG org.apache.http.wire - http-outgoing-0 << "HTTP/1.1 403 The API key provided is not valid.[\r][\n]"
01:29:29.869 [main] DEBUG org.apache.http.wire - http-outgoing-0 << "Server: nginx[\r][\n]"
01:29:29.869 [main] DEBUG org.apache.http.wire - http-outgoing-0 << "Date: Sat, 30 Jul 2022 01:29:29 GMT[\r][\n]"
01:29:29.869 [main] DEBUG org.apache.http.wire - http-outgoing-0 << "Transfer-Encoding: chunked[\r][\n]"
01:29:29.869 [main] DEBUG org.apache.http.wire - http-outgoing-0 << "Connection: keep-alive[\r][\n]"
01:29:29.869 [main] DEBUG org.apache.http.wire - http-outgoing-0 << "Set-Cookie: ctoken=b51c5c1afa004732b606a77959c8c84c; Max-Age=43200; Path=/; Expires=Sat, 30 Jul 2022 13:29:29 GMT[\r][\n]"
01:29:29.869 [main] DEBUG org.apache.http.wire - http-outgoing-0 << "Strict-Transport-Security: max-age=15768000[\r][\n]"
01:29:29.869 [main] DEBUG org.apache.http.wire - http-outgoing-0 << "Access-Control-Allow-Origin: *[\r][\n]"
01:29:29.869 [main] DEBUG org.apache.http.wire - http-outgoing-0 << "Access-Control-Allow-Credentials: true[\r][\n]"
01:29:29.869 [main] DEBUG org.apache.http.wire - http-outgoing-0 << "Access-Control-Allow-Methods: GET, OPTIONS[\r][\n]"
01:29:29.869 [main] DEBUG org.apache.http.wire - http-outgoing-0 << "Access-Control-Allow-Headers: Origin, X-Requested-With, Content-Type, Accept, Request-Source[\r][\n]"
01:29:29.869 [main] DEBUG org.apache.http.wire - http-outgoing-0 << "[\r][\n]"
01:29:29.869 [main] DEBUG org.apache.http.wire - http-outgoing-0 << "22[\r][\n]"
01:29:29.869 [main] DEBUG org.apache.http.wire - http-outgoing-0 << "The API key provided is not valid.[\r][\n]"
01:29:29.872 [main] DEBUG org.apache.http.headers - http-outgoing-0 << HTTP/1.1 403 The API key provided is not valid.
01:29:29.872 [main] DEBUG org.apache.http.headers - http-outgoing-0 << Server: nginx
01:29:29.872 [main] DEBUG org.apache.http.headers - http-outgoing-0 << Date: Sat, 30 Jul 2022 01:29:29 GMT
01:29:29.872 [main] DEBUG org.apache.http.headers - http-outgoing-0 << Transfer-Encoding: chunked
01:29:29.872 [main] DEBUG org.apache.http.headers - http-outgoing-0 << Connection: keep-alive
01:29:29.872 [main] DEBUG org.apache.http.headers - http-outgoing-0 << Set-Cookie: ctoken=b51c5c1afa004732b606a77959c8c84c; Max-Age=43200; Path=/; Expires=Sat, 30 Jul 2022 13:29:29 GMT
01:29:29.872 [main] DEBUG org.apache.http.headers - http-outgoing-0 << Strict-Transport-Security: max-age=15768000
01:29:29.872 [main] DEBUG org.apache.http.headers - http-outgoing-0 << Access-Control-Allow-Origin: *
01:29:29.872 [main] DEBUG org.apache.http.headers - http-outgoing-0 << Access-Control-Allow-Credentials: true
01:29:29.872 [main] DEBUG org.apache.http.headers - http-outgoing-0 << Access-Control-Allow-Methods: GET, OPTIONS
01:29:29.872 [main] DEBUG org.apache.http.headers - http-outgoing-0 << Access-Control-Allow-Headers: Origin, X-Requested-With, Content-Type, Accept, Request-Source
01:29:29.877 [main] DEBUG org.apache.http.impl.execchain.MainClientExec - Connection can be kept alive indefinitely
01:29:29.882 [main] WARN org.apache.http.client.protocol.ResponseProcessCookies - Invalid cookie header: "Set-Cookie: ctoken=b51c5c1afa004732b606a77959c8c84c; Max-Age=43200; Path=/; Expires=Sat, 30 Jul 2022 13:29:29 GMT". Invalid 'expires' attribute: Sat, 30 Jul 2022 13:29:29 GMT
]]></system-out>
  </testcase>
  <testcase name="findAllById" classname="ca.jrvs.apps.trading.dao.MarketDataDaoIntTest" time="0.172">
    <error message="Unexpected HTTP status: 403" type="org.springframework.dao.DataRetrievalFailureException">org.springframework.dao.DataRetrievalFailureException: Unexpected HTTP status: 403
	at ca.jrvs.apps.trading.dao.MarketDataDaoIntTest.findAllById(MarketDataDaoIntTest.java:39)
</error>
    <system-out><![CDATA[Ticker(s): AAPL,FB
URI: https://cloud.iexapis.com/v1/stock/market/batch?symbols=AAPL,FB&types=quote&token=null
01:29:29.891 [main] DEBUG org.apache.http.client.protocol.RequestAddCookies - CookieSpec selected: default
01:29:29.891 [main] DEBUG org.apache.http.client.protocol.RequestAuthCache - Auth cache not set in the context
01:29:29.891 [main] DEBUG org.apache.http.impl.conn.PoolingHttpClientConnectionManager - Connection request: [route: {s}->https://cloud.iexapis.com:443][total kept alive: 0; route allocated: 0 of 50; total allocated: 0 of 50]
01:29:29.891 [main] DEBUG org.apache.http.impl.conn.PoolingHttpClientConnectionManager - Connection leased: [id: 1][route: {s}->https://cloud.iexapis.com:443][total kept alive: 0; route allocated: 1 of 50; total allocated: 1 of 50]
01:29:29.891 [main] DEBUG org.apache.http.impl.execchain.MainClientExec - Opening connection {s}->https://cloud.iexapis.com:443
01:29:29.892 [main] DEBUG org.apache.http.impl.conn.DefaultHttpClientConnectionOperator - Connecting to cloud.iexapis.com/35.224.251.107:443
01:29:29.892 [main] DEBUG org.apache.http.conn.ssl.SSLConnectionSocketFactory - Connecting socket to cloud.iexapis.com/35.224.251.107:443 with timeout 0
01:29:29.924 [main] DEBUG org.apache.http.conn.ssl.SSLConnectionSocketFactory - Enabled protocols: [TLSv1.2]
01:29:29.924 [main] DEBUG org.apache.http.conn.ssl.SSLConnectionSocketFactory - Enabled cipher suites:[TLS_ECDHE_ECDSA_WITH_AES_256_GCM_SHA384, TLS_ECDHE_ECDSA_WITH_AES_128_GCM_SHA256, TLS_ECDHE_RSA_WITH_AES_256_GCM_SHA384, TLS_ECDHE_RSA_WITH_AES_128_GCM_SHA256, TLS_DHE_RSA_WITH_AES_256_GCM_SHA384, TLS_DHE_DSS_WITH_AES_256_GCM_SHA384, TLS_DHE_RSA_WITH_AES_128_GCM_SHA256, TLS_DHE_DSS_WITH_AES_128_GCM_SHA256, TLS_ECDHE_ECDSA_WITH_AES_256_CBC_SHA384, TLS_ECDHE_RSA_WITH_AES_256_CBC_SHA384, TLS_ECDHE_ECDSA_WITH_AES_128_CBC_SHA256, TLS_ECDHE_RSA_WITH_AES_128_CBC_SHA256, TLS_DHE_RSA_WITH_AES_256_CBC_SHA256, TLS_DHE_DSS_WITH_AES_256_CBC_SHA256, TLS_DHE_RSA_WITH_AES_128_CBC_SHA256, TLS_DHE_DSS_WITH_AES_128_CBC_SHA256, TLS_ECDH_ECDSA_WITH_AES_256_GCM_SHA384, TLS_ECDH_RSA_WITH_AES_256_GCM_SHA384, TLS_ECDH_ECDSA_WITH_AES_128_GCM_SHA256, TLS_ECDH_RSA_WITH_AES_128_GCM_SHA256, TLS_ECDH_ECDSA_WITH_AES_256_CBC_SHA384, TLS_ECDH_RSA_WITH_AES_256_CBC_SHA384, TLS_ECDH_ECDSA_WITH_AES_128_CBC_SHA256, TLS_ECDH_RSA_WITH_AES_128_CBC_SHA256, TLS_ECDHE_ECDSA_WITH_AES_256_CBC_SHA, TLS_ECDHE_RSA_WITH_AES_256_CBC_SHA, TLS_ECDHE_ECDSA_WITH_AES_128_CBC_SHA, TLS_ECDHE_RSA_WITH_AES_128_CBC_SHA, TLS_DHE_RSA_WITH_AES_256_CBC_SHA, TLS_DHE_DSS_WITH_AES_256_CBC_SHA, TLS_DHE_RSA_WITH_AES_128_CBC_SHA, TLS_DHE_DSS_WITH_AES_128_CBC_SHA, TLS_ECDH_ECDSA_WITH_AES_256_CBC_SHA, TLS_ECDH_RSA_WITH_AES_256_CBC_SHA, TLS_ECDH_ECDSA_WITH_AES_128_CBC_SHA, TLS_ECDH_RSA_WITH_AES_128_CBC_SHA, TLS_RSA_WITH_AES_256_GCM_SHA384, TLS_RSA_WITH_AES_128_GCM_SHA256, TLS_RSA_WITH_AES_256_CBC_SHA256, TLS_RSA_WITH_AES_128_CBC_SHA256, TLS_RSA_WITH_AES_256_CBC_SHA, TLS_RSA_WITH_AES_128_CBC_SHA, TLS_EMPTY_RENEGOTIATION_INFO_SCSV]
01:29:29.924 [main] DEBUG org.apache.http.conn.ssl.SSLConnectionSocketFactory - Starting handshake
01:29:30.017 [main] DEBUG org.apache.http.conn.ssl.SSLConnectionSocketFactory - Secure session established
01:29:30.017 [main] DEBUG org.apache.http.conn.ssl.SSLConnectionSocketFactory -  negotiated protocol: TLSv1.2
01:29:30.017 [main] DEBUG org.apache.http.conn.ssl.SSLConnectionSocketFactory -  negotiated cipher suite: TLS_ECDHE_RSA_WITH_AES_128_GCM_SHA256
01:29:30.017 [main] DEBUG org.apache.http.conn.ssl.SSLConnectionSocketFactory -  peer principal: CN=*.iexapis.com
01:29:30.018 [main] DEBUG org.apache.http.conn.ssl.SSLConnectionSocketFactory -  peer alternative names: [*.iexapis.com, iexapis.com]
01:29:30.018 [main] DEBUG org.apache.http.conn.ssl.SSLConnectionSocketFactory -  issuer principal: CN=Sectigo RSA Domain Validation Secure Server CA, O=Sectigo Limited, L=Salford, ST=Greater Manchester, C=GB
01:29:30.018 [main] DEBUG org.apache.http.impl.conn.DefaultHttpClientConnectionOperator - Connection established 10.142.0.2:53136<->35.224.251.107:443
01:29:30.018 [main] DEBUG org.apache.http.impl.execchain.MainClientExec - Executing request GET /v1/stock/market/batch?symbols=AAPL,FB&types=quote&token=null HTTP/1.1
01:29:30.018 [main] DEBUG org.apache.http.impl.execchain.MainClientExec - Target auth state: UNCHALLENGED
01:29:30.018 [main] DEBUG org.apache.http.impl.execchain.MainClientExec - Proxy auth state: UNCHALLENGED
01:29:30.018 [main] DEBUG org.apache.http.headers - http-outgoing-1 >> GET /v1/stock/market/batch?symbols=AAPL,FB&types=quote&token=null HTTP/1.1
01:29:30.018 [main] DEBUG org.apache.http.headers - http-outgoing-1 >> Host: cloud.iexapis.com
01:29:30.018 [main] DEBUG org.apache.http.headers - http-outgoing-1 >> Connection: Keep-Alive
01:29:30.018 [main] DEBUG org.apache.http.headers - http-outgoing-1 >> User-Agent: Apache-HttpClient/4.5.3 (Java/1.8.0_342)
01:29:30.018 [main] DEBUG org.apache.http.headers - http-outgoing-1 >> Accept-Encoding: gzip,deflate
01:29:30.018 [main] DEBUG org.apache.http.wire - http-outgoing-1 >> "GET /v1/stock/market/batch?symbols=AAPL,FB&types=quote&token=null HTTP/1.1[\r][\n]"
01:29:30.018 [main] DEBUG org.apache.http.wire - http-outgoing-1 >> "Host: cloud.iexapis.com[\r][\n]"
01:29:30.019 [main] DEBUG org.apache.http.wire - http-outgoing-1 >> "Connection: Keep-Alive[\r][\n]"
01:29:30.019 [main] DEBUG org.apache.http.wire - http-outgoing-1 >> "User-Agent: Apache-HttpClient/4.5.3 (Java/1.8.0_342)[\r][\n]"
01:29:30.019 [main] DEBUG org.apache.http.wire - http-outgoing-1 >> "Accept-Encoding: gzip,deflate[\r][\n]"
01:29:30.019 [main] DEBUG org.apache.http.wire - http-outgoing-1 >> "[\r][\n]"
01:29:30.058 [main] DEBUG org.apache.http.wire - http-outgoing-1 << "HTTP/1.1 403 The API key provided is not valid.[\r][\n]"
01:29:30.058 [main] DEBUG org.apache.http.wire - http-outgoing-1 << "Server: nginx[\r][\n]"
01:29:30.058 [main] DEBUG org.apache.http.wire - http-outgoing-1 << "Date: Sat, 30 Jul 2022 01:29:30 GMT[\r][\n]"
01:29:30.058 [main] DEBUG org.apache.http.wire - http-outgoing-1 << "Transfer-Encoding: chunked[\r][\n]"
01:29:30.058 [main] DEBUG org.apache.http.wire - http-outgoing-1 << "Connection: keep-alive[\r][\n]"
01:29:30.058 [main] DEBUG org.apache.http.wire - http-outgoing-1 << "Set-Cookie: ctoken=eecdf8f5f901412cbba746999a39d415; Max-Age=43200; Path=/; Expires=Sat, 30 Jul 2022 13:29:30 GMT[\r][\n]"
01:29:30.058 [main] DEBUG org.apache.http.wire - http-outgoing-1 << "Strict-Transport-Security: max-age=15768000[\r][\n]"
01:29:30.058 [main] DEBUG org.apache.http.wire - http-outgoing-1 << "Access-Control-Allow-Origin: *[\r][\n]"
01:29:30.058 [main] DEBUG org.apache.http.wire - http-outgoing-1 << "Access-Control-Allow-Credentials: true[\r][\n]"
01:29:30.058 [main] DEBUG org.apache.http.wire - http-outgoing-1 << "Access-Control-Allow-Methods: GET, OPTIONS[\r][\n]"
01:29:30.058 [main] DEBUG org.apache.http.wire - http-outgoing-1 << "Access-Control-Allow-Headers: Origin, X-Requested-With, Content-Type, Accept, Request-Source[\r][\n]"
01:29:30.058 [main] DEBUG org.apache.http.wire - http-outgoing-1 << "[\r][\n]"
01:29:30.058 [main] DEBUG org.apache.http.wire - http-outgoing-1 << "22[\r][\n]"
01:29:30.058 [main] DEBUG org.apache.http.wire - http-outgoing-1 << "The API key provided is not valid.[\r][\n]"
01:29:30.059 [main] DEBUG org.apache.http.headers - http-outgoing-1 << HTTP/1.1 403 The API key provided is not valid.
01:29:30.059 [main] DEBUG org.apache.http.headers - http-outgoing-1 << Server: nginx
01:29:30.059 [main] DEBUG org.apache.http.headers - http-outgoing-1 << Date: Sat, 30 Jul 2022 01:29:30 GMT
01:29:30.059 [main] DEBUG org.apache.http.headers - http-outgoing-1 << Transfer-Encoding: chunked
01:29:30.059 [main] DEBUG org.apache.http.headers - http-outgoing-1 << Connection: keep-alive
01:29:30.059 [main] DEBUG org.apache.http.headers - http-outgoing-1 << Set-Cookie: ctoken=eecdf8f5f901412cbba746999a39d415; Max-Age=43200; Path=/; Expires=Sat, 30 Jul 2022 13:29:30 GMT
01:29:30.059 [main] DEBUG org.apache.http.headers - http-outgoing-1 << Strict-Transport-Security: max-age=15768000
01:29:30.059 [main] DEBUG org.apache.http.headers - http-outgoing-1 << Access-Control-Allow-Origin: *
01:29:30.059 [main] DEBUG org.apache.http.headers - http-outgoing-1 << Access-Control-Allow-Credentials: true
01:29:30.059 [main] DEBUG org.apache.http.headers - http-outgoing-1 << Access-Control-Allow-Methods: GET, OPTIONS
01:29:30.059 [main] DEBUG org.apache.http.headers - http-outgoing-1 << Access-Control-Allow-Headers: Origin, X-Requested-With, Content-Type, Accept, Request-Source
01:29:30.059 [main] DEBUG org.apache.http.impl.execchain.MainClientExec - Connection can be kept alive indefinitely
01:29:30.060 [main] WARN org.apache.http.client.protocol.ResponseProcessCookies - Invalid cookie header: "Set-Cookie: ctoken=eecdf8f5f901412cbba746999a39d415; Max-Age=43200; Path=/; Expires=Sat, 30 Jul 2022 13:29:30 GMT". Invalid 'expires' attribute: Sat, 30 Jul 2022 13:29:30 GMT
]]></system-out>
  </testcase>
</testsuite>